Using pre-set license
Built from '2020.3/release' branch; Version is '2020.3.31f1 (6b54b7616050) revision 7034039'; Using compiler version '192528614'; Build Type 'Release'
OS: 'Windows 10  (10.0.18362) 64bit Professional' Language: 'en' Physical Memory: 8072 MB
BatchMode: 1, IsHumanControllingUs: 0, StartBugReporterOnCrash: 0, Is64bit: 1, IsPro: 0

COMMAND LINE ARGUMENTS:
A:\Unity 3d\2020.3.31f1\Editor\Unity.exe
-adb2
-batchMode
-noUpm
-name
AssetImportWorker0
-projectPath
A:/Unity Projects/Snacky
-logFile
Logs/AssetImportWorker0.log
-srvPort
53687
Successfully changed project path to: A:/Unity Projects/Snacky
A:/Unity Projects/Snacky
Using Asset Import Pipeline V2.
Refreshing native plugins compatible for Editor in 187.52 ms, found 3 plugins.
Preloading 0 native plugins for Editor in 0.00 ms.
Initialize engine version: 2020.3.31f1 (6b54b7616050)
[Subsystems] Discovering subsystems at path A:/Unity 3d/2020.3.31f1/Editor/Data/Resources/UnitySubsystems
[Subsystems] Discovering subsystems at path A:/Unity Projects/Snacky/Assets
GfxDevice: creating device client; threaded=0
Direct3D:
    Version:  Direct3D 11.0 [level 11.1]
    Renderer: Intel(R) HD Graphics 520 (ID=0x1916)
    Vendor:   
    VRAM:     4036 MB
    Driver:   27.20.100.8189
Initialize mono
Mono path[0] = 'A:/Unity 3d/2020.3.31f1/Editor/Data/Managed'
Mono path[1] = 'A:/Unity 3d/2020.3.31f1/Editor/Data/MonoBleedingEdge/lib/mono/unityjit'
Mono config path = 'A:/Unity 3d/2020.3.31f1/Editor/Data/MonoBleedingEdge/etc'
Using monoOptions --debugger-agent=transport=dt_socket,embedding=1,server=y,suspend=n,address=127.0.0.1:56396
Begin MonoManager ReloadAssembly
Registering precompiled unity dll's ...
Register platform support module: A:/Unity 3d/2020.3.31f1/Editor/Data/PlaybackEngines/WindowsStandaloneSupport/UnityEditor.WindowsStandalone.Extensions.dll
Registered in 0.002409 seconds.
Native extension for WindowsStandalone target not found
Refreshing native plugins compatible for Editor in 182.89 ms, found 3 plugins.
Preloading 0 native plugins for Editor in 0.00 ms.
Mono: successfully reloaded assembly
- Completed reload, in  2.291 seconds
Domain Reload Profiling:
	ReloadAssembly (2291ms)
		BeginReloadAssembly (199ms)
			ExecutionOrderSort (0ms)
			DisableScriptedObjects (0ms)
			BackupInstance (0ms)
			ReleaseScriptingObjects (0ms)
			CreateAndSetChildDomain (4ms)
		EndReloadAssembly (1840ms)
			LoadAssemblies (195ms)
			RebuildTransferFunctionScriptingTraits (0ms)
			SetupTypeCache (657ms)
			ReleaseScriptCaches (0ms)
			RebuildScriptCaches (125ms)
			SetupLoadedEditorAssemblies (690ms)
				LogAssemblyErrors (0ms)
				InitializePlatformSupportModulesInManaged (14ms)
				SetLoadedEditorAssemblies (1ms)
				RefreshPlugins (183ms)
				BeforeProcessingInitializeOnLoad (43ms)
				ProcessInitializeOnLoadAttributes (338ms)
				ProcessInitializeOnLoadMethodAttributes (109ms)
				AfterProcessingInitializeOnLoad (0ms)
				EditorAssembliesLoaded (1ms)
			ExecutionOrderSort2 (0ms)
			AwakeInstancesAfterBackupRestoration (0ms)
Platform modules already initialized, skipping
Registering precompiled user dll's ...
Registered in 0.006778 seconds.
Begin MonoManager ReloadAssembly
Native extension for WindowsStandalone target not found
Refreshing native plugins compatible for Editor in 176.33 ms, found 3 plugins.
Preloading 0 native plugins for Editor in 0.00 ms.
Mono: successfully reloaded assembly
- Completed reload, in  4.193 seconds
Domain Reload Profiling:
	ReloadAssembly (4195ms)
		BeginReloadAssembly (550ms)
			ExecutionOrderSort (0ms)
			DisableScriptedObjects (16ms)
			BackupInstance (0ms)
			ReleaseScriptingObjects (0ms)
			CreateAndSetChildDomain (63ms)
		EndReloadAssembly (3418ms)
			LoadAssemblies (326ms)
			RebuildTransferFunctionScriptingTraits (0ms)
			SetupTypeCache (1197ms)
			ReleaseScriptCaches (1ms)
			RebuildScriptCaches (198ms)
			SetupLoadedEditorAssemblies (1224ms)
				LogAssemblyErrors (0ms)
				InitializePlatformSupportModulesInManaged (10ms)
				SetLoadedEditorAssemblies (0ms)
				RefreshPlugins (176ms)
				BeforeProcessingInitializeOnLoad (252ms)
				ProcessInitializeOnLoadAttributes (714ms)
				ProcessInitializeOnLoadMethodAttributes (63ms)
				AfterProcessingInitializeOnLoad (8ms)
				EditorAssembliesLoaded (1ms)
			ExecutionOrderSort2 (0ms)
			AwakeInstancesAfterBackupRestoration (27ms)
Platform modules already initialized, skipping
========================================================================
Worker process is ready to serve import requests
Launched and connected shader compiler UnityShaderCompiler.exe after 0.19 seconds
Refreshing native plugins compatible for Editor in 1.29 ms, found 3 plugins.
Preloading 0 native plugins for Editor in 0.00 ms.
Unloading 2210 Unused Serialized files (Serialized files now loaded: 0)
System memory in use before: 97.5 MB.
System memory in use after: 97.4 MB.

Unloading 31 unused Assets to reduce memory usage. Loaded Objects now: 2645.
Total: 11.101600 ms (FindLiveObjects: 0.922700 ms CreateObjectMapping: 0.416800 ms MarkObjects: 9.364600 ms  DeleteObjects: 0.394900 ms)

AssetImportParameters requested are different than current active one (requested -> active):
  custom:framework-win-MediaFoundation: 216162199b28c13a410421893ffa2e32 -> 
  custom:video-decoder-ogg-theora: a1e56fd34408186e4bbccfd4996cb3dc -> 
  custom:container-muxer-webm: aa71ff27fc2769a1b78a27578f13a17b -> 
  custom:container-demuxer-webm: 4f35f7cbe854078d1ac9338744f61a02 -> 
  custom:container-demuxer-ogg: 62fdf1f143b41e24485cea50d1cbac27 -> 
  custom:video-encoder-webm-vp8: eb34c28f22e8b96e1ab97ce403110664 -> 
  custom:video-decoder-webm-vp8: 9c59270c3fd7afecdb556c50c9e8de78 -> 
  custom:audio-decoder-ogg-vorbis: bf7c407c2cedff20999df2af8eb42d56 -> 
  custom:audio-encoder-webm-vorbis: bf7c407c2cedff20999df2af8eb42d56 -> 
========================================================================
Received Import Request.
  path: Assets/Sky.png
  artifactKey: Guid(c4564cf1529d4614ca04223d9e6c8d8d) Importer(815301076,1909f56bfc062723c751e8b465ee728b)
Start importing Assets/Sky.png using Guid(c4564cf1529d4614ca04223d9e6c8d8d) Importer(815301076,1909f56bfc062723c751e8b465ee728b)  -> (artifact id: 'cc244add343541765b8c14d77b6aa8b0') in 0.395135 seconds 
========================================================================
Received Import Request.
  Time since last request: 0.000963 seconds.
  path: Assets/wheels&hydrant.png
  artifactKey: Guid(6fe8b0ef29137864783977550123e272) Importer(815301076,1909f56bfc062723c751e8b465ee728b)
Start importing Assets/wheels&hydrant.png using Guid(6fe8b0ef29137864783977550123e272) Importer(815301076,1909f56bfc062723c751e8b465ee728b)  -> (artifact id: 'fde897a8e4a26b345944c9ffa85e29a6') in 0.053328 seconds 
========================================================================
Received Import Request.
  Time since last request: 0.000488 seconds.
  path: Assets/boxes&container.png
  artifactKey: Guid(20e77a142cac9e34485c79853eed9403) Importer(815301076,1909f56bfc062723c751e8b465ee728b)
Start importing Assets/boxes&container.png using Guid(20e77a142cac9e34485c79853eed9403) Importer(815301076,1909f56bfc062723c751e8b465ee728b)  -> (artifact id: '8757f30c18670a31c8c6177727e9df0b') in 0.056360 seconds 
========================================================================
Received Import Request.
  Time since last request: 0.000642 seconds.
  path: Assets/road&border.png
  artifactKey: Guid(9eeaa1163dc75804a90ed4fd70196a11) Importer(815301076,1909f56bfc062723c751e8b465ee728b)
Start importing Assets/road&border.png using Guid(9eeaa1163dc75804a90ed4fd70196a11) Importer(815301076,1909f56bfc062723c751e8b465ee728b)  -> (artifact id: 'b6c9eb5207e40a33cd4901646ebc22c9') in 0.045113 seconds 
========================================================================
Received Import Request.
  Time since last request: 0.000600 seconds.
  path: Assets/wall2.png
  artifactKey: Guid(aa8846fc1509c22488a1d5150bed7894) Importer(815301076,1909f56bfc062723c751e8b465ee728b)
Start importing Assets/wall2.png using Guid(aa8846fc1509c22488a1d5150bed7894) Importer(815301076,1909f56bfc062723c751e8b465ee728b)  -> (artifact id: '63f6367851a51eb59d34575d505e2d6c') in 0.044018 seconds 
========================================================================
Received Import Request.
  Time since last request: 0.000710 seconds.
  path: Assets/wall1.png
  artifactKey: Guid(d34919615707adb4291576cbf6ddb22b) Importer(815301076,1909f56bfc062723c751e8b465ee728b)
Start importing Assets/wall1.png using Guid(d34919615707adb4291576cbf6ddb22b) Importer(815301076,1909f56bfc062723c751e8b465ee728b)  -> (artifact id: 'b8fb926f8e784d9183123b4c564911d7') in 0.047918 seconds 
========================================================================
Received Import Request.
  Time since last request: 0.000658 seconds.
  path: Assets/buildings.png
  artifactKey: Guid(8379d20bcf3929e47af60e3c9162f1c4) Importer(815301076,1909f56bfc062723c751e8b465ee728b)
Start importing Assets/buildings.png using Guid(8379d20bcf3929e47af60e3c9162f1c4) Importer(815301076,1909f56bfc062723c751e8b465ee728b)  -> (artifact id: 'fd696fd6928539f89b352f585532124c') in 0.049146 seconds 
========================================================================
Received Import Request.
  Time since last request: 0.000495 seconds.
  path: Assets/City1.png
  artifactKey: Guid(9bc3b708e853f73438ae337e790be558) Importer(815301076,1909f56bfc062723c751e8b465ee728b)
Start importing Assets/City1.png using Guid(9bc3b708e853f73438ae337e790be558) Importer(815301076,1909f56bfc062723c751e8b465ee728b)  -> (artifact id: 'c0957397a99d0bea498a637fdb01efe9') in 0.045314 seconds 
AssetImportWorkerClient::OnTransportError - code=2 error=End of file
